\BOOKMARK [1][-]{section.1}{CALIBRACI\323N}{}% 1
\BOOKMARK [2][-]{subsection.1.1}{Apartado A}{section.1}% 2
\BOOKMARK [2][-]{subsection.1.2}{Apartado B}{section.1}% 3
\BOOKMARK [2][-]{subsection.1.3}{Apartado C}{section.1}% 4
\BOOKMARK [2][-]{subsection.1.4}{Apartado D}{section.1}% 5
\BOOKMARK [2][-]{subsection.1.5}{Apartado E}{section.1}% 6
\BOOKMARK [1][-]{section.2}{ACTIVIDAD}{}% 7
\BOOKMARK [2][-]{subsection.2.1}{Detector de Movimiento}{section.2}% 8
\BOOKMARK [2][-]{subsection.2.2}{Grabaci\363n de Video}{section.2}% 9
\BOOKMARK [2][-]{subsection.2.3}{Anulaci\363n de Fondo}{section.2}% 10
\BOOKMARK [1][-]{section.3}{COLOR}{}% 11
\BOOKMARK [2][-]{subsection.3.1}{Modelo de Histogramas}{section.3}% 12
\BOOKMARK [2][-]{subsection.3.2}{Comparaci\363n de Histogramas}{section.3}% 13
\BOOKMARK [2][-]{subsection.3.3}{Segmentaci\363n por reproyecci\363n}{section.3}% 14
\BOOKMARK [1][-]{section.4}{FILTROS}{}% 15
\BOOKMARK [1][-]{section.5}{SIFT}{}% 16
\BOOKMARK [1][-]{section.6}{RECTIF}{}% 17
\BOOKMARK [1][-]{section.7}{PANO}{}% 18
\BOOKMARK [1][-]{section.8}{RA}{}% 19
\BOOKMARK [1][-]{section.9}{DLIB}{}% 20
\BOOKMARK [1][-]{section.10}{VROT}{}% 21
\BOOKMARK [1][-]{section.11}{DELOGO}{}% 22
\BOOKMARK [1][-]{section.12}{SILU}{}% 23
\BOOKMARK [1][-]{section.13}{ANON}{}% 24
\BOOKMARK [1][-]{section.14}{CR}{}% 25
\BOOKMARK [1][-]{section.15}{SWAP}{}% 26
\BOOKMARK [1][-]{section.16}{NFACE}{}% 27
\BOOKMARK [1][-]{section.17}{DNI}{}% 28
\BOOKMARK [1][-]{section.18}{SUDO}{}% 29
\BOOKMARK [1][-]{section.19}{STC}{}% 30
\BOOKMARK [1][-]{section.20}{PROBLEMA ORIGINAL}{}% 31
